120 : 2021-03-25 19:45:36,713 : INFO : telemetry.main : Attempt start. Configuration directory [/home/odl_user/.azure].
120 : 2021-03-25 19:45:36,714 : INFO : telemetry.check : Positive: The /home/odl_user/.azure/telemetry.txt does not exist.
120 : 2021-03-25 19:45:36,714 : DEBUG : telemetry.note : acquiring lock
120 : 2021-03-25 19:45:36,714 : DEBUG : telemetry.note : acquired lock
120 : 2021-03-25 19:45:36,714 : INFO : telemetry.note : Update the note mtime to 2021-03-25 19:45:36.714826
120 : 2021-03-25 19:45:36,715 : WARNING : telemetry.note : Fail to parse or read the timestamp 'N/A' in the note file. Set the last send time to minimal. Reason: not readable
120 : 2021-03-25 19:45:36,715 : INFO : telemetry.records : No cache to be uploaded.
120 : 2021-03-25 19:45:36,715 : INFO : telemetry.client : Accumulated 0 events. Flush the clients.
120 : 2021-03-25 19:45:36,715 : INFO : telemetry.note : Update the last send in note to 0001-01-01 00:00:00
120 : 2021-03-25 19:45:36,715 : INFO : telemetry.note : Update the note mtime to 2021-03-25 19:45:36.715603
248 : 2021-03-25 20:07:55,180 : INFO : telemetry.main : Attempt start. Configuration directory [/home/odl_user/.azure].
248 : 2021-03-25 20:07:55,181 : INFO : telemetry.check : Returns Positive.
248 : 2021-03-25 20:07:55,181 : DEBUG : telemetry.note : acquiring lock
248 : 2021-03-25 20:07:55,181 : DEBUG : telemetry.note : acquired lock
248 : 2021-03-25 20:07:55,181 : INFO : telemetry.note : Update the note mtime to 2021-03-25 20:07:55.181824
248 : 2021-03-25 20:07:55,184 : WARNING : telemetry.note : Fail to parse or read the timestamp '1-01-01T00:00:00' in the note file. Set the last send time to minimal. Reason: time data '1-01-01T00:00:00' does not match format '%Y-%m-%dT%H:%M:%S'
248 : 2021-03-25 20:07:55,184 : INFO : telemetry.records : No cache to be uploaded.
248 : 2021-03-25 20:07:55,184 : INFO : telemetry.client : Accumulated 0 events. Flush the clients.
248 : 2021-03-25 20:07:55,185 : INFO : telemetry.note : Update the last send in note to 0001-01-01 00:00:00
248 : 2021-03-25 20:07:55,185 : INFO : telemetry.note : Update the note mtime to 2021-03-25 20:07:55.185215
347 : 2021-03-25 20:22:11,496 : INFO : telemetry.main : Attempt start. Configuration directory [/home/odl_user/.azure].
347 : 2021-03-25 20:22:11,496 : INFO : telemetry.check : Returns Positive.
347 : 2021-03-25 20:22:11,496 : DEBUG : telemetry.note : acquiring lock
347 : 2021-03-25 20:22:11,497 : DEBUG : telemetry.note : acquired lock
347 : 2021-03-25 20:22:11,497 : INFO : telemetry.note : Update the note mtime to 2021-03-25 20:22:11.497185
347 : 2021-03-25 20:22:11,499 : WARNING : telemetry.note : Fail to parse or read the timestamp '1-01-01T00:00:00' in the note file. Set the last send time to minimal. Reason: time data '1-01-01T00:00:00' does not match format '%Y-%m-%dT%H:%M:%S'
347 : 2021-03-25 20:22:11,499 : INFO : telemetry.records : No cache to be uploaded.
347 : 2021-03-25 20:22:11,499 : INFO : telemetry.client : Accumulated 0 events. Flush the clients.
347 : 2021-03-25 20:22:11,499 : INFO : telemetry.note : Update the last send in note to 0001-01-01 00:00:00
347 : 2021-03-25 20:22:11,500 : INFO : telemetry.note : Update the note mtime to 2021-03-25 20:22:11.500007
